<?xml version="1.0" encoding="UTF-8"?>
<!-- Generated by org.testng.reporters.JUnitXMLReporter -->
<testsuite ignored="0" hostname="DESKTOP-DCFT7UU" failures="0" tests="3" name="Default test" time="15.953" errors="0" timestamp="2022-06-27T23:06:43 EDT">
  <testcase classname="pageTestPackage.LoginPageTest" name="verifyregister" time="0.039"/>
  <testcase classname="pageTestPackage.LoginPageTest" name="verifyLoginTitle" time="0.01"/>
  <testcase classname="pageTestPackage.LoginPageTest" name="loginTest" time="0.282"/>
</testsuite> <!-- Default test -->
