<?xml version="1.0" encoding="UTF-8"?>
<!-- Generated by org.testng.reporters.JUnitXMLReporter -->
<testsuite ignored="0" hostname="DESKTOP-DCFT7UU" failures="0" tests="3" name="Default test" time="11.065" errors="0" timestamp="2022-06-28T00:01:16 EDT">
  <testcase classname="pageTestPackage.LoginPageTest" name="verifyregister" time="0.048"/>
  <testcase classname="pageTestPackage.LoginPageTest" name="verifyLoginTitle" time="0.005"/>
  <testcase classname="pageTestPackage.LoginPageTest" name="loginTest" time="0.226"/>
</testsuite> <!-- Default test -->
