<?xml version="1.0" encoding="UTF-8"?>
<testng-results ignored="0" total="3" passed="3" failed="0" skipped="0">
  <reporter-output>
  </reporter-output>
  <suite started-at="2022-06-27T23:06:27 EDT" name="Default suite" finished-at="2022-06-27T23:06:43 EDT" duration-ms="15953">
    <groups>
    </groups>
    <test started-at="2022-06-27T23:06:27 EDT" name="Default test" finished-at="2022-06-27T23:06:43 EDT" duration-ms="15953">
      <class name="pageTestPackage.LoginPageTest">
        <test-method is-config="true" signature="setup()[pri:0, instance:pageTestPackage.LoginPageTest@29215f06]" started-at="2022-06-27T23:06:27 EDT" name="setup" finished-at="2022-06-27T23:06:35 EDT" duration-ms="7279" status="PASS">
          <reporter-output>
          </reporter-output>
        </test-method> <!-- setup -->
        <test-method signature="verifyregister()[pri:0, instance:pageTestPackage.LoginPageTest@29215f06]" started-at="2022-06-27T23:06:35 EDT" name="verifyregister" finished-at="2022-06-27T23:06:35 EDT" duration-ms="39" status="PASS">
          <reporter-output>
          </reporter-output>
        </test-method> <!-- verifyregister -->
        <test-method is-config="true" signature="TearDown()[pri:0, instance:pageTestPackage.LoginPageTest@29215f06]" started-at="2022-06-27T23:06:35 EDT" name="TearDown" finished-at="2022-06-27T23:06:35 EDT" duration-ms="431" status="PASS">
          <reporter-output>
          </reporter-output>
        </test-method> <!-- TearDown -->
        <test-method is-config="true" signature="setup()[pri:0, instance:pageTestPackage.LoginPageTest@29215f06]" started-at="2022-06-27T23:06:35 EDT" name="setup" finished-at="2022-06-27T23:06:39 EDT" duration-ms="3756" status="PASS">
          <reporter-output>
          </reporter-output>
        </test-method> <!-- setup -->
        <test-method signature="verifyLoginTitle()[pri:1, instance:pageTestPackage.LoginPageTest@29215f06]" started-at="2022-06-27T23:06:39 EDT" name="verifyLoginTitle" finished-at="2022-06-27T23:06:39 EDT" duration-ms="10" status="PASS">
          <reporter-output>
          </reporter-output>
        </test-method> <!-- verifyLoginTitle -->
        <test-method is-config="true" signature="TearDown()[pri:0, instance:pageTestPackage.LoginPageTest@29215f06]" started-at="2022-06-27T23:06:39 EDT" name="TearDown" finished-at="2022-06-27T23:06:39 EDT" duration-ms="185" status="PASS">
          <reporter-output>
          </reporter-output>
        </test-method> <!-- TearDown -->
        <test-method is-config="true" signature="setup()[pri:0, instance:pageTestPackage.LoginPageTest@29215f06]" started-at="2022-06-27T23:06:39 EDT" name="setup" finished-at="2022-06-27T23:06:43 EDT" duration-ms="3768" status="PASS">
          <reporter-output>
          </reporter-output>
        </test-method> <!-- setup -->
        <test-method signature="loginTest()[pri:2, instance:pageTestPackage.LoginPageTest@29215f06]" started-at="2022-06-27T23:06:43 EDT" name="loginTest" finished-at="2022-06-27T23:06:43 EDT" duration-ms="282" status="PASS">
          <reporter-output>
          </reporter-output>
        </test-method> <!-- loginTest -->
        <test-method is-config="true" signature="TearDown()[pri:0, instance:pageTestPackage.LoginPageTest@29215f06]" started-at="2022-06-27T23:06:43 EDT" name="TearDown" finished-at="2022-06-27T23:06:43 EDT" duration-ms="163" status="PASS">
          <reporter-output>
          </reporter-output>
        </test-method> <!-- TearDown -->
      </class> <!-- pageTestPackage.LoginPageTest -->
    </test> <!-- Default test -->
  </suite> <!-- Default suite -->
</testng-results>
